  KNN.cpp
C:\Users\harri\Documents\Visual studio projects\KNN\KNN\KNN.cpp(54,22): warning C4305: 'inicializando': truncamento de 'double' para 'float'
C:\Users\harri\Documents\Visual studio projects\KNN\KNN\KNN.cpp(55,25): warning C4305: 'inicializando': truncamento de 'double' para 'float'
C:\Users\harri\Documents\Visual studio projects\KNN\KNN\KNN.cpp(56,25): warning C4305: 'inicializando': truncamento de 'double' para 'float'
C:\Users\harri\Documents\Visual studio projects\KNN\KNN\KNN.cpp(57,25): warning C4305: 'inicializando': truncamento de 'double' para 'float'
C:\Users\harri\Documents\Visual studio projects\KNN\KNN\KNN.cpp(60,24): warning C4305: 'inicializando': truncamento de 'double' para 'float'
C:\Users\harri\Documents\Visual studio projects\KNN\KNN\KNN.cpp(60,28): warning C4305: 'inicializando': truncamento de 'double' para 'float'
C:\Users\harri\Documents\Visual studio projects\KNN\KNN\KNN.cpp(61,24): warning C4305: 'inicializando': truncamento de 'double' para 'float'
C:\Users\harri\Documents\Visual studio projects\KNN\KNN\KNN.cpp(61,28): warning C4305: 'inicializando': truncamento de 'double' para 'float'
C:\Users\harri\Documents\Visual studio projects\KNN\KNN\KNN.cpp(62,24): warning C4305: 'inicializando': truncamento de 'double' para 'float'
C:\Users\harri\Documents\Visual studio projects\KNN\KNN\KNN.cpp(62,28): warning C4305: 'inicializando': truncamento de 'double' para 'float'
C:\Users\harri\Documents\Visual studio projects\KNN\KNN\KNN.cpp(87,11): warning C4244: 'inicializando': conversão de 'int' para 'float', possível perda de dados
C:\Users\harri\Documents\Visual studio projects\KNN\KNN\KNN.cpp(88,11): warning C4244: 'inicializando': conversão de 'int' para 'float', possível perda de dados
C:\Users\harri\Documents\Visual studio projects\KNN\KNN\KNN.cpp(137,27): warning C4244: '=': conversão de 'double' para 'float', possível perda de dados
  Gerando código
  1 of 200 functions ( 0.5%) were compiled, the rest were copied from previous compilation.
    0 functions were new in current compilation
    3 functions had inline decision re-evaluated but remain unchanged
  Finalizada a geração de código
  KNN.vcxproj -> C:\Users\harri\Documents\Visual studio projects\KNN\x64\Release\KNN.exe
